[INJECT] 真实任务失败样本已注入: iter=430, score=1.9, task=∇_self从代理指标切换为真实缺陷召回率
[INJECT] 真实任务失败样本已注入: iter=435, score=2.1, task=执行自反射检查并修正所有已知缺陷
[INJECT] 真实任务失败样本已注入: iter=440, score=2.5, task=将修复闭环从记账升级为实际代码修改
[INJECT] 真实任务失败样本已注入: iter=445, score=2.5, task=将修复闭环从记账升级为实际代码修改
[INJECT] 真实任务失败样本已注入: iter=450, score=2.0, task=实现自我改进闭环：识别短板→获取资源→落地能力
[INJECT] 真实任务失败样本已注入: iter=455, score=2.5, task=将修复闭环从记账升级为实际代码修改
[INJECT] 真实任务失败样本已注入: iter=460, score=2.3, task=phi增长率突破1%阈值实现真实能力增长
[INJECT] 真实任务失败样本已注入: iter=465, score=2.5, task=将修复闭环从记账升级为实际代码修改
[INJECT] 真实任务失败样本已注入: iter=470, score=1.8, task=通过A2A协议从EvoMap Hub获取并落地新基因资源
[INJECT] 真实任务失败样本已注入: iter=475, score=1.8, task=通过A2A协议从EvoMap Hub获取并落地新基因资源
[INJECT] 真实任务失败样本已注入: iter=480, score=1.9, task=∇_self从代理指标切换为真实缺陷召回率
[INJECT] 真实任务失败样本已注入: iter=485, score=2.1, task=执行自反射检查并修正所有已知缺陷
[INJECT] 真实任务失败样本已注入: iter=490, score=2.1, task=执行自反射检查并修正所有已知缺陷
[INJECT] 真实任务失败样本已注入: iter=495, score=2.5, task=将修复闭环从记账升级为实际代码修改
[INJECT] 真实任务失败样本已注入: iter=500, score=2.3, task=phi增长率突破1%阈值实现真实能力增长
[INJECT] 真实任务失败样本已注入: iter=505, score=2.5, task=将修复闭环从记账升级为实际代码修改
[INJECT] 真实任务失败样本已注入: iter=510, score=2.1, task=执行自反射检查并修正所有已知缺陷
[INJECT] 真实任务失败样本已注入: iter=515, score=1.8, task=通过A2A协议从EvoMap Hub获取并落地新基因资源
[INJECT] 真实任务失败样本已注入: iter=520, score=2.0, task=实现自我改进闭环：识别短板→获取资源→落地能力
[INJECT] 真实任务失败样本已注入: iter=525, score=2.0, task=实现自我改进闭环：识别短板→获取资源→落地能力
[INJECT] 真实任务失败样本已注入: iter=530, score=2.5, task=将修复闭环从记账升级为实际代码修改
[INJECT] 真实任务失败样本已注入: iter=535, score=2.5, task=将修复闭环从记账升级为实际代码修改
[INJECT] 真实任务失败样本已注入: iter=540, score=2.3, task=phi增长率突破1%阈值实现真实能力增长
[INJECT] 真实任务失败样本已注入: iter=545, score=2.3, task=phi增长率突破1%阈值实现真实能力增长
[INJECT] 真实任务失败样本已注入: iter=550, score=2.0, task=实现自我改进闭环：识别短板→获取资源→落地能力
[INJECT] 真实任务失败样本已注入: iter=555, score=2.1, task=执行自反射检查并修正所有已知缺陷
[INJECT] 真实任务失败样本已注入: iter=560, score=1.8, task=通过A2A协议从EvoMap Hub获取并落地新基因资源
[INJECT] 真实任务失败样本已注入: iter=565, score=2.3, task=phi增长率突破1%阈值实现真实能力增长
[INJECT] 真实任务失败样本已注入: iter=570, score=2.5, task=将修复闭环从记账升级为实际代码修改
[INJECT] 真实任务失败样本已注入: iter=575, score=1.9, task=∇_self从代理指标切换为真实缺陷召回率
[INJECT] 真实任务失败样本已注入: iter=580, score=2.0, task=实现自我改进闭环：识别短板→获取资源→落地能力
[INJECT] 真实任务失败样本已注入: iter=585, score=1.8, task=通过A2A协议从EvoMap Hub获取并落地新基因资源
[INJECT] 真实任务失败样本已注入: iter=590, score=2.5, task=将修复闭环从记账升级为实际代码修改
[INJECT] 真实任务失败样本已注入: iter=595, score=2.3, task=phi增长率突破1%阈值实现真实能力增长
[INJECT] 真实任务失败样本已注入: iter=600, score=2.1, task=执行自反射检查并修正所有已知缺陷
[INJECT] 真实任务失败样本已注入: iter=605, score=1.9, task=∇_self从代理指标切换为真实缺陷召回率
[INJECT] 真实任务失败样本已注入: iter=610, score=1.9, task=∇_self从代理指标切换为真实缺陷召回率
[INJECT] 真实任务失败样本已注入: iter=615, score=2.0, task=实现自我改进闭环：识别短板→获取资源→落地能力
[INJECT] 真实任务失败样本已注入: iter=620, score=2.3, task=phi增长率突破1%阈值实现真实能力增长
[INJECT] 真实任务失败样本已注入: iter=625, score=2.0, task=实现自我改进闭环：识别短板→获取资源→落地能力
[INJECT] 真实任务失败样本已注入: iter=630, score=2.0, task=实现自我改进闭环：识别短板→获取资源→落地能力
[INJECT] 真实任务失败样本已注入: iter=635, score=2.1, task=执行自反射检查并修正所有已知缺陷
[INJECT] 真实任务失败样本已注入: iter=640, score=1.9, task=∇_self从代理指标切换为真实缺陷召回率
[INJECT] 真实任务失败样本已注入: iter=645, score=2.3, task=phi增长率突破1%阈值实现真实能力增长
[INJECT] 真实任务失败样本已注入: iter=650, score=1.9, task=∇_self从代理指标切换为真实缺陷召回率
[INJECT] 真实任务失败样本已注入: iter=655, score=2.1, task=执行自反射检查并修正所有已知缺陷
[INJECT] 真实任务失败样本已注入: iter=660, score=2.5, task=将修复闭环从记账升级为实际代码修改
[INJECT] 真实任务失败样本已注入: iter=665, score=1.9, task=∇_self从代理指标切换为真实缺陷召回率
[INJECT] 真实任务失败样本已注入: iter=670, score=2.3, task=phi增长率突破1%阈值实现真实能力增长
[INJECT] 真实任务失败样本已注入: iter=675, score=2.1, task=执行自反射检查并修正所有已知缺陷
[INJECT] 真实任务失败样本已注入: iter=680, score=1.9, task=∇_self从代理指标切换为真实缺陷召回率
[INJECT] 真实任务失败样本已注入: iter=685, score=1.9, task=∇_self从代理指标切换为真实缺陷召回率
[INJECT] 真实任务失败样本已注入: iter=690, score=2.1, task=执行自反射检查并修正所有已知缺陷
[INJECT] 真实任务失败样本已注入: iter=695, score=2.1, task=执行自反射检查并修正所有已知缺陷
[INJECT] 真实任务失败样本已注入: iter=700, score=2.5, task=将修复闭环从记账升级为实际代码修改
[INJECT] 真实任务失败样本已注入: iter=665, score=2.5, task=将修复闭环从记账升级为实际代码修改
[INJECT] 真实任务失败样本已注入: iter=670, score=2.1, task=执行自反射检查并修正所有已知缺陷
[INJECT] 真实任务失败样本已注入: iter=675, score=1.8, task=通过A2A协议从EvoMap Hub获取并落地新基因资源
[INJECT] 真实任务失败样本已注入: iter=680, score=2.1, task=执行自反射检查并修正所有已知缺陷
[INJECT] 真实任务失败样本已注入: iter=685, score=2.0, task=实现自我改进闭环：识别短板→获取资源→落地能力
[INJECT] 真实任务失败样本已注入: iter=690, score=2.3, task=phi增长率突破1%阈值实现真实能力增长
[INJECT] 真实任务失败样本已注入: iter=695, score=2.1, task=执行自反射检查并修正所有已知缺陷
[INJECT] 真实任务失败样本已注入: iter=700, score=1.8, task=通过A2A协议从EvoMap Hub获取并落地新基因资源
[INJECT] 真实任务失败样本已注入: iter=705, score=2.5, task=将修复闭环从记账升级为实际代码修改
[INJECT] 真实任务失败样本已注入: iter=710, score=2.1, task=执行自反射检查并修正所有已知缺陷
[INJECT] 真实任务失败样本已注入: iter=715, score=1.8, task=通过A2A协议从EvoMap Hub获取并落地新基因资源
[INJECT] 真实任务失败样本已注入: iter=720, score=2.3, task=phi增长率突破1%阈值实现真实能力增长
[INJECT] 真实任务失败样本已注入: iter=725, score=1.9, task=∇_self从代理指标切换为真实缺陷召回率
[INJECT] 真实任务失败样本已注入: iter=730, score=1.9, task=∇_self从代理指标切换为真实缺陷召回率
[INJECT] 真实任务失败样本已注入: iter=735, score=1.9, task=∇_self从代理指标切换为真实缺陷召回率
[INJECT] 真实任务失败样本已注入: iter=740, score=2.3, task=phi增长率突破1%阈值实现真实能力增长
[INJECT] 真实任务失败样本已注入: iter=745, score=2.1, task=执行自反射检查并修正所有已知缺陷
[INJECT] 真实任务失败样本已注入: iter=750, score=2.1, task=执行自反射检查并修正所有已知缺陷
[INJECT] 真实任务失败样本已注入: iter=755, score=2.3, task=phi增长率突破1%阈值实现真实能力增长
[INJECT] 真实任务失败样本已注入: iter=760, score=2.1, task=执行自反射检查并修正所有已知缺陷
[INJECT] 真实任务失败样本已注入: iter=765, score=2.1, task=执行自反射检查并修正所有已知缺陷
[INJECT] 真实任务失败样本已注入: iter=770, score=2.1, task=执行自反射检查并修正所有已知缺陷
[INJECT] 真实任务失败样本已注入: iter=775, score=1.8, task=通过A2A协议从EvoMap Hub获取并落地新基因资源
[INJECT] 真实任务失败样本已注入: iter=780, score=1.8, task=通过A2A协议从EvoMap Hub获取并落地新基因资源
[INJECT] 真实任务失败样本已注入: iter=785, score=2.3, task=phi增长率突破1%阈值实现真实能力增长
[INJECT] 真实任务失败样本已注入: iter=790, score=2.1, task=执行自反射检查并修正所有已知缺陷
[INJECT] 真实任务失败样本已注入: iter=795, score=2.5, task=将修复闭环从记账升级为实际代码修改
[INJECT] 真实任务失败样本已注入: iter=800, score=1.8, task=通过A2A协议从EvoMap Hub获取并落地新基因资源
[INJECT] 真实任务失败样本已注入: iter=805, score=2.0, task=实现自我改进闭环：识别短板→获取资源→落地能力
[INJECT] 真实任务失败样本已注入: iter=810, score=2.0, task=实现自我改进闭环：识别短板→获取资源→落地能力
[INJECT] 真实任务失败样本已注入: iter=815, score=2.5, task=将修复闭环从记账升级为实际代码修改
[INJECT] 真实任务失败样本已注入: iter=820, score=2.3, task=phi增长率突破1%阈值实现真实能力增长
[INJECT] 真实任务失败样本已注入: iter=825, score=2.5, task=将修复闭环从记账升级为实际代码修改
[INJECT] 真实任务失败样本已注入: iter=830, score=2.3, task=phi增长率突破1%阈值实现真实能力增长
[INJECT] 真实任务失败样本已注入: iter=835, score=2.1, task=执行自反射检查并修正所有已知缺陷
[INJECT] 真实任务失败样本已注入: iter=840, score=2.3, task=phi增长率突破1%阈值实现真实能力增长
[INJECT] 真实任务失败样本已注入: iter=845, score=1.8, task=通过A2A协议从EvoMap Hub获取并落地新基因资源
[INJECT] 真实任务失败样本已注入: iter=850, score=2.0, task=实现自我改进闭环：识别短板→获取资源→落地能力
[INJECT] 真实任务失败样本已注入: iter=855, score=1.9, task=∇_self从代理指标切换为真实缺陷召回率
