=== SWRS CONSOLIDATE 2026-05-23 14:18:21 +0800 ===
[1/3] run Rust scorer smoke test
    Finished `dev` profile [unoptimized + debuginfo] target(s) in 0.00s
     Running `crates/swrs_memory/target/debug/swrs_memory`
trace=a2a_auto_trigger_configured score=0.805 decision=ring_buffer
trace=one_off_chatter score=0.110 decision=drop
trace=raw_token_secret score=0.315 decision=reject_sensitive
ring_len=1
[2/3] append consolidation trace
[3/3] ensure daily memory note
ring_lines=       1
=== SWRS CONSOLIDATE END 2026-05-23 14:18:22 +0800 ===
=== SWRS CONSOLIDATE 2026-05-23 23:36:19 +0800 ===
[1/3] run Rust scorer smoke test
    Finished `dev` profile [unoptimized + debuginfo] target(s) in 0.00s
     Running `crates/swrs_memory/target/debug/swrs_memory`
trace=a2a_auto_trigger_configured score=0.805 decision=ring_buffer
trace=one_off_chatter score=0.110 decision=drop
trace=raw_token_secret score=0.315 decision=reject_sensitive
ring_len=1
[2/3] append consolidation trace
[3/3] ensure daily memory note
ring_lines=       2
=== SWRS CONSOLIDATE END 2026-05-23 23:36:20 +0800 ===
=== SWRS CONSOLIDATE 2026-05-24 23:31:44 +0800 ===
[1/3] run Rust scorer smoke test
    Finished `dev` profile [unoptimized + debuginfo] target(s) in 0.00s
     Running `crates/swrs_memory/target/debug/swrs_memory`
trace=a2a_auto_trigger_configured score=0.805 decision=ring_buffer
trace=one_off_chatter score=0.110 decision=drop
trace=raw_token_secret score=0.315 decision=reject_sensitive
ring_len=1
[2/3] append consolidation trace
[3/3] ensure daily memory note
ring_lines=       3
=== SWRS CONSOLIDATE END 2026-05-24 23:31:44 +0800 ===
=== SWRS CONSOLIDATE 2026-05-25 23:30:18 +0800 ===
[1/3] run Rust scorer smoke test
   Compiling swrs_memory v0.1.0 (/Users/lihongxin/.openclaw/workspace/crates/swrs_memory)
    Finished `dev` profile [unoptimized + debuginfo] target(s) in 0.08s
     Running `crates/swrs_memory/target/debug/swrs_memory`
trace=a2a_auto_trigger_configured score=0.805 decision=ring_buffer
trace=one_off_chatter score=0.110 decision=drop
trace=raw_token_secret score=0.315 decision=reject_sensitive
ring_len=1
[2/3] append consolidation trace
[3/3] ensure daily memory note
ring_lines=       4
=== SWRS CONSOLIDATE END 2026-05-25 23:30:18 +0800 ===
=== SWRS CONSOLIDATE 2026-05-26 23:30:20 +0800 ===
[1/3] run Rust scorer smoke test
    Finished `dev` profile [unoptimized + debuginfo] target(s) in 0.00s
     Running `crates/swrs_memory/target/debug/swrs_memory`
trace=a2a_auto_trigger_configured score=0.805 decision=ring_buffer
trace=one_off_chatter score=0.110 decision=drop
trace=raw_token_secret score=0.315 decision=reject_sensitive
ring_len=1
[2/3] append consolidation trace
[3/3] ensure daily memory note
ring_lines=       5
=== SWRS CONSOLIDATE END 2026-05-26 23:30:20 +0800 ===
=== SWRS CONSOLIDATE 2026-05-27 23:30:18 +0800 ===
[1/3] run Rust scorer smoke test
    Finished `dev` profile [unoptimized + debuginfo] target(s) in 0.00s
     Running `crates/swrs_memory/target/debug/swrs_memory`
trace=a2a_auto_trigger_configured score=0.805 decision=ring_buffer
trace=one_off_chatter score=0.110 decision=drop
trace=raw_token_secret score=0.315 decision=reject_sensitive
ring_len=1
[2/3] append consolidation trace
[3/3] ensure daily memory note
ring_lines=       6
=== SWRS CONSOLIDATE END 2026-05-27 23:30:19 +0800 ===
