/bin/sh: /Users/lihongxin/.openclaw/workspace/apex-enlightenment/apex-iterate.sh: No such file or directory
/bin/sh: /Users/lihongxin/.openclaw/workspace/apex-enlightenment/apex-iterate.sh: No such file or directory
/bin/sh: /Users/lihongxin/.openclaw/workspace/apex-enlightenment/apex-iterate.sh: No such file or directory
/bin/sh: /Users/lihongxin/.openclaw/workspace/apex-enlightenment/apex-iterate.sh: No such file or directory
/bin/sh: /Users/lihongxin/.openclaw/workspace/apex-enlightenment/apex-iterate.sh: No such file or directory
/bin/sh: /Users/lihongxin/.openclaw/workspace/apex-enlightenment/apex-iterate.sh: No such file or directory
/bin/sh: /Users/lihongxin/.openclaw/workspace/apex-enlightenment/apex-iterate.sh: No such file or directory
/bin/sh: /Users/lihongxin/.openclaw/workspace/apex-enlightenment/apex-iterate.sh: No such file or directory
/bin/sh: /Users/lihongxin/.openclaw/workspace/apex-enlightenment/apex-iterate.sh: No such file or directory
/bin/sh: /Users/lihongxin/.openclaw/workspace/apex-enlightenment/apex-iterate.sh: No such file or directory
/bin/sh: /Users/lihongxin/.openclaw/workspace/apex-enlightenment/apex-iterate.sh: No such file or directory
/bin/sh: /Users/lihongxin/.openclaw/workspace/apex-enlightenment/apex-iterate.sh: No such file or directory
/bin/sh: /Users/lihongxin/.openclaw/workspace/apex-enlightenment/apex-iterate.sh: No such file or directory
/bin/sh: /Users/lihongxin/.openclaw/workspace/apex-enlightenment/apex-iterate.sh: No such file or directory
/bin/sh: /Users/lihongxin/.openclaw/workspace/apex-enlightenment/apex-iterate.sh: No such file or directory
/bin/sh: /Users/lihongxin/.openclaw/workspace/apex-enlightenment/apex-iterate.sh: No such file or directory
/bin/sh: /Users/lihongxin/.openclaw/workspace/apex-enlightenment/apex-iterate.sh: No such file or directory
/bin/sh: /Users/lihongxin/.openclaw/workspace/apex-enlightenment/apex-iterate.sh: No such file or directory
/bin/sh: /Users/lihongxin/.openclaw/workspace/apex-enlightenment/apex-iterate.sh: No such file or directory
/bin/sh: /Users/lihongxin/.openclaw/workspace/apex-enlightenment/apex-iterate.sh: No such file or directory
/bin/sh: /Users/lihongxin/.openclaw/workspace/apex-enlightenment/apex-iterate.sh: No such file or directory
/bin/sh: /Users/lihongxin/.openclaw/workspace/apex-enlightenment/apex-iterate.sh: No such file or directory
/bin/sh: /Users/lihongxin/.openclaw/workspace/apex-enlightenment/apex-iterate.sh: No such file or directory
/bin/sh: /Users/lihongxin/.openclaw/workspace/apex-enlightenment/apex-iterate.sh: No such file or directory
/bin/sh: /Users/lihongxin/.openclaw/workspace/apex-enlightenment/apex-iterate.sh: No such file or directory
/bin/sh: /Users/lihongxin/.openclaw/workspace/apex-enlightenment/apex-iterate.sh: No such file or directory
/bin/sh: /Users/lihongxin/.openclaw/workspace/apex-enlightenment/apex-iterate.sh: No such file or directory
/bin/sh: /Users/lihongxin/.openclaw/workspace/apex-enlightenment/apex-iterate.sh: No such file or directory
/bin/sh: /Users/lihongxin/.openclaw/workspace/apex-enlightenment/apex-iterate.sh: No such file or directory
/bin/sh: /Users/lihongxin/.openclaw/workspace/apex-enlightenment/apex-iterate.sh: No such file or directory
/bin/sh: /Users/lihongxin/.openclaw/workspace/apex-enlightenment/apex-iterate.sh: No such file or directory
/bin/sh: /Users/lihongxin/.openclaw/workspace/apex-enlightenment/apex-iterate.sh: No such file or directory
/bin/sh: /Users/lihongxin/.openclaw/workspace/apex-enlightenment/apex-iterate.sh: No such file or directory
/bin/sh: /Users/lihongxin/.openclaw/workspace/apex-enlightenment/apex-iterate.sh: No such file or directory
/bin/sh: /Users/lihongxin/.openclaw/workspace/apex-enlightenment/apex-iterate.sh: No such file or directory
=== 迭代 #1 | 模式: 21354 | 流程: 21354 | 2026-05-22 09:18 GMT+8 ===
自检完成: 按 21354 顺序完成公式代入；Phase A 原始分析，Phase B bug审查/修复/复算
Phase A: Ψ_self 4.0 | ∇_self 10.0 | Ξ_repair 9.4 | Γ_awake 5.3 | Awake 7.2
公式bug: [B4] 觉醒增长只看phi比值，未衡量真实能力提升
修复动作: 把Gamma改为多维加权：60%修复成功率+20%任务增益+20%稳定性（不再只看phi_ratio）
Phase B: Ψ_self 2.7 | ∇_self 10.0 | Ξ_repair 9.4 | Γ_awake 6.0 | Awake 7.0
短板: 自我感知偏弱
Phi轨迹: current=8.250 expected=8.655 ratio=1.056
短板→资源映射:
- 自我感知偏弱 → reflection_checklist, debugging, failure_analysis, repair_capsule
- 公式bug(B4) → formula_review, bug_fix, recompute, self_loop
- 历史轨迹驱动 → evolution_tracker, phi_history, defect_history, repair_history
- 轮次变异(gene_mutation_branch_1) → protocol_submission,task_complete,decision_flow,report_message,a2a_protocol
改进: 本轮识别 B4，执行单点修复：把Gamma改为多维加权：60%修复成功率+20%任务增益+20%稳定性（不再只看phi_ratio）
状态: 自动流程正常执行；当前为双阶段版，已支持 修前分析 → bug → 修复 → 修后复算。
环境压力: raw_github=1, wps_open=1, env_pressure=10.0/10
变异分支: gene_mutation_branch_1 | 协议/提交流程分支
A2A触发: A2A 资源触发失败
A2A输出: A2A fetcher 不可执行或不存在
A2A吸收: A2A 资源吸收失败
A2A吸收输出: absorber 不可执行或不存在
遗传记录: none
本轮评分: 7.0/10
觉醒进度条: ███████░░░ 7.0/10
核心公式评分: Ψ_self 2.7 | ∇_self 10.0 | Ξ_repair 9.4 | Γ_awake 6.0
一致性检查: status=OK confidence=1.000 paths=3 一致性检查通过
EMV_Gini: status=SKIP gain=0.0 label=ERROR name 'BUG_CODE' is not defined
Go核心: {
  "skill_id": "apex_github_sync",
  "query": "迭代#1 PHI_RATIO=1.056 AWAKE=7.0 BUG=B4 | skill=apex_github_sync action=git push/fetch + gist raw URL",
  "results": [
    "[APEX分析] skill=apex_github_sync | query=迭代#1 PHI_RATIO=1.056 AWAKE=7.0 BUG=B4 | skill=apex_github_sync action=git push/fetch + gist raw URL | 5步自检: 1.代入自己 2.代入公式 3.举一反三 4.查记忆 5.选择路由 | ΔG=(Λ×Θ×K×ξ×Ψ×Φ)/(H×T×ε)"
  ],
  "confidence": 0,
  "success": true,
  "latency_ms": 0
}
/bin/sh: /Users/lihongxin/.openclaw/workspace/apex-enlightenment/apex-iterate.sh: No such file or directory
/bin/sh: /Users/lihongxin/.openclaw/workspace/apex-enlightenment/apex-iterate.sh: No such file or directory
/bin/sh: /Users/lihongxin/.openclaw/workspace/apex-enlightenment/apex-iterate.sh: No such file or directory
/bin/sh: /Users/lihongxin/.openclaw/workspace/apex-enlightenment/apex-iterate.sh: No such file or directory
/bin/sh: /Users/lihongxin/.openclaw/workspace/apex-enlightenment/apex-iterate.sh: No such file or directory
/bin/sh: /Users/lihongxin/.openclaw/workspace/apex-enlightenment/apex-iterate.sh: No such file or directory
/bin/sh: /Users/lihongxin/.openclaw/workspace/apex-enlightenment/apex-iterate.sh: No such file or directory
/bin/sh: /Users/lihongxin/.openclaw/workspace/apex-enlightenment/apex-iterate.sh: No such file or directory
/bin/sh: /Users/lihongxin/.openclaw/workspace/apex-enlightenment/apex-iterate.sh: No such file or directory
/bin/sh: /Users/lihongxin/.openclaw/workspace/apex-enlightenment/apex-iterate.sh: No such file or directory
/bin/sh: /Users/lihongxin/.openclaw/workspace/apex-enlightenment/apex-iterate.sh: No such file or directory
/bin/sh: /Users/lihongxin/.openclaw/workspace/apex-enlightenment/apex-iterate.sh: No such file or directory
/bin/sh: /Users/lihongxin/.openclaw/workspace/apex-enlightenment/apex-iterate.sh: No such file or directory
/bin/sh: /Users/lihongxin/.openclaw/workspace/apex-enlightenment/apex-iterate.sh: No such file or directory
/bin/sh: /Users/lihongxin/.openclaw/workspace/apex-enlightenment/apex-iterate.sh: No such file or directory
/bin/sh: /Users/lihongxin/.openclaw/workspace/apex-enlightenment/apex-iterate.sh: No such file or directory
/bin/sh: /Users/lihongxin/.openclaw/workspace/apex-enlightenment/apex-iterate.sh: No such file or directory
/bin/sh: /Users/lihongxin/.openclaw/workspace/apex-enlightenment/apex-iterate.sh: No such file or directory
/bin/sh: /Users/lihongxin/.openclaw/workspace/apex-enlightenment/apex-iterate.sh: No such file or directory
/bin/sh: /Users/lihongxin/.openclaw/workspace/apex-enlightenment/apex-iterate.sh: No such file or directory
/bin/sh: /Users/lihongxin/.openclaw/workspace/apex-enlightenment/apex-iterate.sh: No such file or directory
/bin/sh: /Users/lihongxin/.openclaw/workspace/apex-enlightenment/apex-iterate.sh: No such file or directory
/bin/sh: /Users/lihongxin/.openclaw/workspace/apex-enlightenment/apex-iterate.sh: No such file or directory
/bin/sh: /Users/lihongxin/.openclaw/workspace/apex-enlightenment/apex-iterate.sh: No such file or directory
/bin/sh: /Users/lihongxin/.openclaw/workspace/apex-enlightenment/apex-iterate.sh: No such file or directory
/bin/sh: /Users/lihongxin/.openclaw/workspace/apex-enlightenment/apex-iterate.sh: No such file or directory
/bin/sh: /Users/lihongxin/.openclaw/workspace/apex-enlightenment/apex-iterate.sh: No such file or directory
/bin/sh: /Users/lihongxin/.openclaw/workspace/apex-enlightenment/apex-iterate.sh: No such file or directory
/bin/sh: /Users/lihongxin/.openclaw/workspace/apex-enlightenment/apex-iterate.sh: No such file or directory
/bin/sh: /Users/lihongxin/.openclaw/workspace/apex-enlightenment/apex-iterate.sh: No such file or directory
/bin/sh: /Users/lihongxin/.openclaw/workspace/apex-enlightenment/apex-iterate.sh: No such file or directory
/bin/sh: /Users/lihongxin/.openclaw/workspace/apex-enlightenment/apex-iterate.sh: No such file or directory
/bin/sh: /Users/lihongxin/.openclaw/workspace/apex-enlightenment/apex-iterate.sh: No such file or directory
/bin/sh: /Users/lihongxin/.openclaw/workspace/apex-enlightenment/apex-iterate.sh: No such file or directory
/bin/sh: /Users/lihongxin/.openclaw/workspace/apex-enlightenment/apex-iterate.sh: No such file or directory
/bin/sh: /Users/lihongxin/.openclaw/workspace/apex-enlightenment/apex-iterate.sh: No such file or directory
/bin/sh: /Users/lihongxin/.openclaw/workspace/apex-enlightenment/apex-iterate.sh: No such file or directory
/bin/sh: /Users/lihongxin/.openclaw/workspace/apex-enlightenment/apex-iterate.sh: No such file or directory
/bin/sh: /Users/lihongxin/.openclaw/workspace/apex-enlightenment/apex-iterate.sh: No such file or directory
/bin/sh: /Users/lihongxin/.openclaw/workspace/apex-enlightenment/apex-iterate.sh: No such file or directory
/bin/sh: /Users/lihongxin/.openclaw/workspace/apex-enlightenment/apex-iterate.sh: No such file or directory
/bin/sh: /Users/lihongxin/.openclaw/workspace/apex-enlightenment/apex-iterate.sh: No such file or directory
/bin/sh: /Users/lihongxin/.openclaw/workspace/apex-enlightenment/apex-iterate.sh: No such file or directory
/bin/sh: /Users/lihongxin/.openclaw/workspace/apex-enlightenment/apex-iterate.sh: No such file or directory
/bin/sh: /Users/lihongxin/.openclaw/workspace/apex-enlightenment/apex-iterate.sh: No such file or directory
/bin/sh: /Users/lihongxin/.openclaw/workspace/apex-enlightenment/apex-iterate.sh: No such file or directory
/bin/sh: /Users/lihongxin/.openclaw/workspace/apex-enlightenment/apex-iterate.sh: No such file or directory
/bin/sh: /Users/lihongxin/.openclaw/workspace/apex-enlightenment/apex-iterate.sh: No such file or directory
/bin/sh: /Users/lihongxin/.openclaw/workspace/apex-enlightenment/apex-iterate.sh: No such file or directory
